0 info it worked if it ends with ok
1 verbose cli [ '/Users/jarrettgreen/.nvm/versions/node/v6.2.2/bin/node',
1 verbose cli   '/Users/jarrettgreen/.nvm/versions/node/v6.2.2/bin/npm',
1 verbose cli   'run',
1 verbose cli   'watch:test' ]
2 info using npm@3.10.3
3 info using node@v6.2.2
4 verbose run-script [ 'prewatch:test', 'watch:test', 'postwatch:test' ]
5 info lifecycle riot-io@0.0.3~prewatch:test: riot-io@0.0.3
6 silly lifecycle riot-io@0.0.3~prewatch:test: no script for prewatch:test, continuing
7 info lifecycle riot-io@0.0.3~watch:test: riot-io@0.0.3
8 verbose lifecycle riot-io@0.0.3~watch:test: unsafe-perm in lifecycle true
9 verbose lifecycle riot-io@0.0.3~watch:test: PATH: /Users/jarrettgreen/.nvm/versions/node/v6.2.2/lib/node_modules/npm/bin/node-gyp-bin:/Users/jarrettgreen/code/riot-io/node_modules/.bin:/Users/jarrettgreen/.nvm/versions/node/v6.2.2/bin:/Users/jarrettgreen/.rvm/gems/ruby-2.1.2/bin:/Users/jarrettgreen/.rvm/gems/ruby-2.1.2@global/bin:/Users/jarrettgreen/.rvm/rubies/ruby-2.1.2/bin:/usr/local/heroku/bin:/Users/jarrettgreen/.nvm/versions/node/v6.2.2/bin:/usr/local/bin:/usr/local/sbin:/Applications/Postgres.app/Contents/MacOS/bin:/usr/local/bin:/usr/bin:/bin:/usr/sbin:/sbin:/opt/X11/bin:/usr/local/git/bin:/usr/local/go/bin:/usr/local/MacGPG2/bin:/Users/jarrettgreen/.rvm/gems/ruby-2.1.2/bin:/Users/jarrettgreen/.rvm/gems/ruby-2.1.2@global/bin:/Users/jarrettgreen/.rvm/rubies/ruby-2.1.2/bin:/usr/local/heroku/bin:/usr/local/sbin:/Applications/Postgres.app/Contents/MacOS/bin:/Users/jarrettgreen/.rvm/bin:/Users/jarrettgreen/.rvm/bin
10 verbose lifecycle riot-io@0.0.3~watch:test: CWD: /Users/jarrettgreen/code/riot-io
11 silly lifecycle riot-io@0.0.3~watch:test: Args: [ '-c', 'npm run test -- --watch' ]
12 silly lifecycle riot-io@0.0.3~watch:test: Returned: code: 1  signal: null
13 info lifecycle riot-io@0.0.3~watch:test: Failed to exec watch:test script
14 verbose stack Error: riot-io@0.0.3 watch:test: `npm run test -- --watch`
14 verbose stack Exit status 1
14 verbose stack     at EventEmitter.<anonymous> (/Users/jarrettgreen/.nvm/versions/node/v6.2.2/lib/node_modules/npm/lib/utils/lifecycle.js:242:16)
14 verbose stack     at emitTwo (events.js:106:13)
14 verbose stack     at EventEmitter.emit (events.js:191:7)
14 verbose stack     at ChildProcess.<anonymous> (/Users/jarrettgreen/.nvm/versions/node/v6.2.2/lib/node_modules/npm/lib/utils/spawn.js:40:14)
14 verbose stack     at emitTwo (events.js:106:13)
14 verbose stack     at ChildProcess.emit (events.js:191:7)
14 verbose stack     at maybeClose (internal/child_process.js:852:16)
14 verbose stack     at Process.ChildProcess._handle.onexit (internal/child_process.js:215:5)
15 verbose pkgid riot-io@0.0.3
16 verbose cwd /Users/jarrettgreen/code/riot-io
17 error Darwin 16.1.0
18 error argv "/Users/jarrettgreen/.nvm/versions/node/v6.2.2/bin/node" "/Users/jarrettgreen/.nvm/versions/node/v6.2.2/bin/npm" "run" "watch:test"
19 error node v6.2.2
20 error npm  v3.10.3
21 error code ELIFECYCLE
22 error riot-io@0.0.3 watch:test: `npm run test -- --watch`
22 error Exit status 1
23 error Failed at the riot-io@0.0.3 watch:test script 'npm run test -- --watch'.
23 error Make sure you have the latest version of node.js and npm installed.
23 error If you do, this is most likely a problem with the riot-io package,
23 error not with npm itself.
23 error Tell the author that this fails on your system:
23 error     npm run test -- --watch
23 error You can get information on how to open an issue for this project with:
23 error     npm bugs riot-io
23 error Or if that isn't available, you can get their info via:
23 error     npm owner ls riot-io
23 error There is likely additional logging output above.
24 verbose exit [ 1, true ]
